# JRE version: Java(TM) SE Runtime Environment (17.0.2+8) (build 17.0.2+8-LTS-86)
# Java VM: Java HotSpot(TM) 64-Bit Server VM (17.0.2+8-LTS-86, mixed mode, sharing, tiered, compressed oops, compressed class ptrs, g1 gc, windows-amd64)
GC Precious Log:
 CPUs: 12 total, 12 available
 Memory: 31907M
 Large Page Support: Disabled
 NUMA Support: Disabled
 Compressed Oops: Enabled (32-bit)
 Heap Region Size: 1M
 Heap Min Capacity: 256M
 Heap Initial Capacity: 256M
 Heap Max Capacity: 512M
 Pre-touch: Disabled
 Parallel Workers: 10
 Concurrent Workers: 3
 Concurrent Refinement Workers: 10
 Periodic GC: Disabled
Heap:
 garbage-first heap   total 391168K, used 244910K [0x00000000e0000000, 0x0000000100000000)
  region size 1024K, 66 young (67584K), 8 survivors (8192K)
 Metaspace       used 129347K, committed 130176K, reserved 327680K
  class space    used 15843K, committed 16256K, reserved 212992K
GC Heap History (20 events):
Event: 32.587 GC heap before
{Heap before GC invocations=149 (full 0):
 garbage-first heap   total 391168K, used 346647K [0x00000000e0000000, 0x0000000100000000)
  region size 1024K, 180 young (184320K), 2 survivors (2048K)
 Metaspace       used 118197K, committed 118912K, reserved 319488K
  class space    used 14332K, committed 14656K, reserved 212992K
}
Event: 32.587 GC heap after
{Heap after GC invocations=150 (full 0):
 garbage-first heap   total 391168K, used 165073K [0x00000000e0000000, 0x0000000100000000)
  region size 1024K, 3 young (3072K), 3 survivors (3072K)
 Metaspace       used 118197K, committed 118912K, reserved 319488K
  class space    used 14332K, committed 14656K, reserved 212992K
}
Event: 32.724 GC heap before
{Heap before GC invocations=150 (full 0):
 garbage-first heap   total 391168K, used 281809K [0x00000000e0000000, 0x0000000100000000)
  region size 1024K, 112 young (114688K), 3 survivors (3072K)
 Metaspace       used 118529K, committed 119296K, reserved 319488K
  class space    used 14368K, committed 14720K, reserved 212992K
}
Event: 32.725 GC heap after
{Heap after GC invocations=151 (full 0):
 garbage-first heap   total 391168K, used 171700K [0x00000000e0000000, 0x0000000100000000)
  region size 1024K, 5 young (5120K), 5 survivors (5120K)
 Metaspace       used 118529K, committed 119296K, reserved 319488K
  class space    used 14368K, committed 14720K, reserved 212992K
}
Event: 33.275 GC heap before
{Heap before GC invocations=151 (full 0):
 garbage-first heap   total 391168K, used 344756K [0x00000000e0000000, 0x0000000100000000)
  region size 1024K, 172 young (176128K), 5 survivors (5120K)
 Metaspace       used 125801K, committed 126656K, reserved 327680K
  class space    used 15462K, committed 15872K, reserved 212992K
}
Event: 33.277 GC heap after
{Heap after GC invocations=152 (full 0):
 garbage-first heap   total 391168K, used 179956K [0x00000000e0000000, 0x0000000100000000)
  region size 1024K, 11 young (11264K), 11 survivors (11264K)
 Metaspace       used 125801K, committed 126656K, reserved 327680K
  class space    used 15462K, committed 15872K, reserved 212992K
}
Event: 33.405 GC heap before
{Heap before GC invocations=152 (full 0):
 garbage-first heap   total 391168K, used 338676K [0x00000000e0000000, 0x0000000100000000)
  region size 1024K, 166 young (169984K), 11 survivors (11264K)
 Metaspace       used 125801K, committed 126656K, reserved 327680K
  class space    used 15462K, committed 15872K, reserved 212992K
}
Event: 33.407 GC heap after
{Heap after GC invocations=153 (full 0):
 garbage-first heap   total 391168K, used 182459K [0x00000000e0000000, 0x0000000100000000)
  region size 1024K, 13 young (13312K), 13 survivors (13312K)
 Metaspace       used 125801K, committed 126656K, reserved 327680K
  class space    used 15462K, committed 15872K, reserved 212992K
}
Event: 33.539 GC heap before
{Heap before GC invocations=153 (full 0):
 garbage-first heap   total 391168K, used 337083K [0x00000000e0000000, 0x0000000100000000)
  region size 1024K, 164 young (167936K), 13 survivors (13312K)
 Metaspace       used 125801K, committed 126656K, reserved 327680K
  class space    used 15462K, committed 15872K, reserved 212992K
}
Event: 33.541 GC heap after
{Heap after GC invocations=154 (full 0):
 garbage-first heap   total 391168K, used 185056K [0x00000000e0000000, 0x0000000100000000)
  region size 1024K, 12 young (12288K), 12 survivors (12288K)
 Metaspace       used 125801K, committed 126656K, reserved 327680K
  class space    used 15462K, committed 15872K, reserved 212992K
}
Event: 33.706 GC heap before
{Heap before GC invocations=154 (full 0):
 garbage-first heap   total 391168K, used 337632K [0x00000000e0000000, 0x0000000100000000)
  region size 1024K, 161 young (164864K), 12 survivors (12288K)
 Metaspace       used 125808K, committed 126656K, reserved 327680K
  class space    used 15462K, committed 15872K, reserved 212992K
}
Event: 33.707 GC heap after
{Heap after GC invocations=155 (full 0):
 garbage-first heap   total 391168K, used 179948K [0x00000000e0000000, 0x0000000100000000)
  region size 1024K, 7 young (7168K), 7 survivors (7168K)
 Metaspace       used 125808K, committed 126656K, reserved 327680K
  class space    used 15462K, committed 15872K, reserved 212992K
}
Event: 34.008 GC heap before
{Heap before GC invocations=155 (full 0):
 garbage-first heap   total 391168K, used 342764K [0x00000000e0000000, 0x0000000100000000)
  region size 1024K, 166 young (169984K), 7 survivors (7168K)
 Metaspace       used 126742K, committed 127552K, reserved 327680K
  class space    used 15551K, committed 15936K, reserved 212992K
}
Event: 34.010 GC heap after
{Heap after GC invocations=156 (full 0):
 garbage-first heap   total 391168K, used 180125K [0x00000000e0000000, 0x0000000100000000)
  region size 1024K, 7 young (7168K), 7 survivors (7168K)
 Metaspace       used 126742K, committed 127552K, reserved 327680K
  class space    used 15551K, committed 15936K, reserved 212992K
}
Event: 58.475 GC heap before
{Heap before GC invocations=156 (full 0):
 garbage-first heap   total 391168K, used 341917K [0x00000000e0000000, 0x0000000100000000)
  region size 1024K, 166 young (169984K), 7 survivors (7168K)
 Metaspace       used 128948K, committed 129856K, reserved 327680K
  class space    used 15837K, committed 16256K, reserved 212992K
}
Event: 58.479 GC heap after
{Heap after GC invocations=157 (full 0):
 garbage-first heap   total 391168K, used 185570K [0x00000000e0000000, 0x0000000100000000)
  region size 1024K, 12 young (12288K), 12 survivors (12288K)
 Metaspace       used 128948K, committed 129856K, reserved 327680K
  class space    used 15837K, committed 16256K, reserved 212992K
}
Event: 59.289 GC heap before
{Heap before GC invocations=157 (full 0):
 garbage-first heap   total 391168K, used 337122K [0x00000000e0000000, 0x0000000100000000)
  region size 1024K, 161 young (164864K), 12 survivors (12288K)
 Metaspace       used 129260K, committed 130112K, reserved 327680K
  class space    used 15842K, committed 16256K, reserved 212992K
}
Event: 59.292 GC heap after
{Heap after GC invocations=158 (full 0):
 garbage-first heap   total 391168K, used 186542K [0x00000000e0000000, 0x0000000100000000)
  region size 1024K, 8 young (8192K), 8 survivors (8192K)
 Metaspace       used 129260K, committed 130112K, reserved 327680K
  class space    used 15842K, committed 16256K, reserved 212992K
}
Event: 59.490 GC heap before
{Heap before GC invocations=158 (full 0):
 garbage-first heap   total 391168K, used 340142K [0x00000000e0000000, 0x0000000100000000)
  region size 1024K, 158 young (161792K), 8 survivors (8192K)
 Metaspace       used 129337K, committed 130176K, reserved 327680K
  class space    used 15842K, committed 16256K, reserved 212992K
}
Event: 59.492 GC heap after
{Heap after GC invocations=159 (full 0):
 garbage-first heap   total 391168K, used 186542K [0x00000000e0000000, 0x0000000100000000)
  region size 1024K, 8 young (8192K), 8 survivors (8192K)
 Metaspace       used 129337K, committed 130176K, reserved 327680K
  class space    used 15842K, committed 16256K, reserved 212992K
}

